<?xml version="1.0" encoding="UTF-8"?>
<!-- Generated by org.testng.reporters.JUnitReportReporter -->
<testsuite hostname="PSPL-HYD-LAP20" failures="0" tests="1" name="Test.k.Tests.TestNGExample" time="0.022" errors="0" timestamp="2025-05-19T15:06:47 IST" skipped="0">
  <testcase classname="Test.k.Tests.TestNGExample" name="testMethod" time="0.022"/>
  <system-out/>
</testsuite> <!-- Test.k.Tests.TestNGExample -->
